
> pavel-site@0.1.0 dev
> next dev

▲ Next.js 16.2.4 (Turbopack)
- Local:         http://localhost:3000
- Network:       http://172.19.0.1:3000
✓ Ready in 2.9s
⚠ Slow filesystem detected. The benchmark took 304ms. If D:\pavel-site\.next/dev is a network drive, consider moving it to a local folder.
See more: https://nextjs.org/docs/app/guides/local-development

 GET /ai-bots/ 200 in 440ms (next.js: 278ms, application-code: 162ms)
 GET /ai-bots/ 200 in 46ms (next.js: 6ms, application-code: 41ms)
[browser] THREE.Clock: This module has been deprecated. Please use THREE.Timer instead.
[browser] THREE.Clock: This module has been deprecated. Please use THREE.Timer instead.
 GET /ai-bots/ 200 in 40ms (next.js: 5ms, application-code: 35ms)
[browser] THREE.Clock: This module has been deprecated. Please use THREE.Timer instead.
[browser] THREE.Clock: This module has been deprecated. Please use THREE.Timer instead.
✓ Compiled in 2.2s
 GET /ai-bots/ 200 in 8.2s (next.js: 8.0s, application-code: 141ms)
 GET /ai-bots/ 200 in 108ms (next.js: 21ms, application-code: 87ms)
 GET /ai-bots/ 200 in 114ms (next.js: 10ms, application-code: 104ms)
✓ Compiled in 8.6s
 GET /ai-bots/ 200 in 63ms (next.js: 42ms, application-code: 21ms)
✓ Compiled in 253ms
✓ Compiled in 26ms
 GET /ai-bots/ 200 in 179ms (next.js: 49ms, application-code: 130ms)
 GET /ai-bots/ 200 in 112ms (next.js: 5ms, application-code: 106ms)
 GET /ai-bots/ 200 in 98ms (next.js: 4ms, application-code: 94ms)
 GET /ai-bots/ 200 in 114ms (next.js: 40ms, application-code: 73ms)
 GET /ai-bots/ 200 in 114ms (next.js: 22ms, application-code: 92ms)
 GET /ai-bots/ 200 in 116ms (next.js: 58ms, application-code: 58ms)
 GET /ai-bots/ 200 in 123ms (next.js: 4ms, application-code: 119ms)
 GET /ai-bots/ 200 in 103ms (next.js: 4ms, application-code: 99ms)
 GET /ai-bots/ 200 in 103ms (next.js: 22ms, application-code: 81ms)
 GET /ai-bots/ 200 in 104ms (next.js: 4ms, application-code: 100ms)
 GET /ai-bots/ 200 in 121ms (next.js: 42ms, application-code: 79ms)
 GET /ai-bots/ 200 in 65ms (next.js: 7ms, application-code: 57ms)
 GET /ai-bots/ 200 in 118ms (next.js: 4ms, application-code: 114ms)
 GET /ai-bots/ 200 in 100ms (next.js: 5ms, application-code: 95ms)
 GET /ai-bots/ 200 in 80ms (next.js: 5ms, application-code: 75ms)
 GET /ai-bots/ 200 in 96ms (next.js: 23ms, application-code: 74ms)
 GET /ai-bots/ 200 in 79ms (next.js: 23ms, application-code: 56ms)
 GET /ai-bots/ 200 in 79ms (next.js: 4ms, application-code: 75ms)
 GET /ai-bots/ 200 in 117ms (next.js: 4ms, application-code: 113ms)
 GET /ai-bots/ 200 in 99ms (next.js: 4ms, application-code: 95ms)
 GET /ai-bots/ 200 in 102ms (next.js: 5ms, application-code: 96ms)
 GET /ai-bots/ 200 in 104ms (next.js: 22ms, application-code: 82ms)
 GET /ai-bots/ 200 in 88ms (next.js: 22ms, application-code: 66ms)
 GET /ai-bots/ 200 in 103ms (next.js: 3ms, application-code: 100ms)
 GET /ai-bots/ 200 in 123ms (next.js: 4ms, application-code: 119ms)
 GET /ai-bots/ 200 in 98ms (next.js: 4ms, application-code: 94ms)
 GET /ai-bots/ 200 in 80ms (next.js: 4ms, application-code: 76ms)
 GET /ai-bots/ 200 in 99ms (next.js: 23ms, application-code: 76ms)
 GET /ai-bots/ 200 in 83ms (next.js: 4ms, application-code: 79ms)
 GET /ai-bots/ 200 in 107ms (next.js: 4ms, application-code: 103ms)
 GET /ai-bots/ 200 in 108ms (next.js: 4ms, application-code: 104ms)
 GET /ai-bots/ 200 in 106ms (next.js: 4ms, application-code: 102ms)
 GET /ai-bots/ 200 in 87ms (next.js: 4ms, application-code: 83ms)
 GET /ai-bots/ 200 in 84ms (next.js: 9ms, application-code: 76ms)
 GET /ai-bots/ 200 in 61ms (next.js: 4ms, application-code: 57ms)
 GET /ai-bots/ 200 in 40ms (next.js: 4ms, application-code: 36ms)
 GET /ai-bots/ 200 in 21ms (next.js: 4ms, application-code: 17ms)
✓ Compiled in 3.5s
 GET /ai-bots/ 200 in 160ms (next.js: 35ms, application-code: 125ms)
 GET /ai-bots/ 200 in 94ms (next.js: 29ms, application-code: 66ms)
 GET /ai-bots/ 200 in 40ms (next.js: 5ms, application-code: 35ms)
✓ Compiled in 91ms
✓ Compiled in 65ms
 GET /ai-bots/ 200 in 130ms (next.js: 102ms, application-code: 28ms)
✓ Compiled in 45ms
 GET /ai-bots/ 200 in 173ms (next.js: 45ms, application-code: 128ms)
 GET /ai-bots/ 200 in 104ms (next.js: 4ms, application-code: 99ms)
 GET /ai-bots/ 200 in 102ms (next.js: 5ms, application-code: 98ms)
 GET /ai-bots/ 200 in 102ms (next.js: 22ms, application-code: 80ms)
 GET /ai-bots/ 200 in 102ms (next.js: 57ms, application-code: 45ms)
 GET /ai-bots/ 200 in 103ms (next.js: 39ms, application-code: 64ms)
 GET /ai-bots/ 200 in 118ms (next.js: 4ms, application-code: 113ms)
 GET /ai-bots/ 200 in 98ms (next.js: 6ms, application-code: 92ms)
 GET /ai-bots/ 200 in 95ms (next.js: 22ms, application-code: 73ms)
 GET /ai-bots/ 200 in 96ms (next.js: 5ms, application-code: 91ms)
 GET /ai-bots/ 200 in 112ms (next.js: 59ms, application-code: 53ms)
 GET /ai-bots/ 200 in 113ms (next.js: 39ms, application-code: 74ms)
 GET /ai-bots/ 200 in 112ms (next.js: 4ms, application-code: 108ms)
 GET /ai-bots/ 200 in 95ms (next.js: 5ms, application-code: 90ms)
 GET /ai-bots/ 200 in 96ms (next.js: 21ms, application-code: 75ms)
 GET /ai-bots/ 200 in 97ms (next.js: 5ms, application-code: 93ms)
 GET /ai-bots/ 200 in 97ms (next.js: 41ms, application-code: 56ms)
 GET /ai-bots/ 200 in 80ms (next.js: 21ms, application-code: 59ms)
 GET /ai-bots/ 200 in 114ms (next.js: 4ms, application-code: 110ms)
 GET /ai-bots/ 200 in 93ms (next.js: 6ms, application-code: 88ms)
 GET /ai-bots/ 200 in 91ms (next.js: 4ms, application-code: 87ms)
 GET /ai-bots/ 200 in 91ms (next.js: 36ms, application-code: 56ms)
 GET /ai-bots/ 200 in 92ms (next.js: 20ms, application-code: 72ms)
 GET /ai-bots/ 200 in 63ms (next.js: 4ms, application-code: 59ms)
 GET /ai-bots/ 200 in 123ms (next.js: 4ms, application-code: 119ms)
 GET /ai-bots/ 200 in 104ms (next.js: 6ms, application-code: 98ms)
 GET /ai-bots/ 200 in 85ms (next.js: 9ms, application-code: 76ms)
 GET /ai-bots/ 200 in 102ms (next.js: 27ms, application-code: 75ms)
 GET /ai-bots/ 200 in 97ms (next.js: 21ms, application-code: 77ms)
 GET /ai-bots/ 200 in 81ms (next.js: 25ms, application-code: 56ms)
 GET /ai-bots/ 200 in 113ms (next.js: 4ms, application-code: 109ms)
 GET /ai-bots/ 200 in 96ms (next.js: 5ms, application-code: 91ms)
 GET /ai-bots/ 200 in 77ms (next.js: 4ms, application-code: 73ms)
 GET /ai-bots/ 200 in 82ms (next.js: 4ms, application-code: 78ms)
 GET /ai-bots/ 200 in 99ms (next.js: 21ms, application-code: 78ms)
 GET /ai-bots/ 200 in 63ms (next.js: 4ms, application-code: 60ms)
 GET /ai-bots/ 200 in 43ms (next.js: 9ms, application-code: 35ms)
 GET /ai-bots/ 200 in 21ms (next.js: 4ms, application-code: 16ms)
✓ Compiled in 19.3s
✓ Finished filesystem cache database compaction in 10.8s
[?25h
